#
# There is insufficient memory for the Java Runtime Environment to continue.
# Native memory allocation (malloc) failed to allocate 701456 bytes for Chunk::new
# Possible reasons:
#   The system is out of physical RAM or swap space
#   The process is running with CompressedOops enabled, and the Java Heap may be blocking the growth of the native heap
# Possible solutions:
#   Reduce memory load on the system
#   Increase physical memory or swap space
#   Check if swap backing store is full
#   Decrease Java heap size (-Xmx/-Xms)
#   Decrease number of Java threads
#   Decrease Java thread stack sizes (-Xss)
#   Set larger code cache with -XX:ReservedCodeCacheSize=
#   JVM is running with Zero Based Compressed Oops mode in which the Java heap is
#     placed in the first 32GB address space. The Java Heap base address is the
#     maximum limit for the native heap growth. Please use -XX:HeapBaseMinAddress
#     to set the Java Heap base and to place the Java Heap above 32GB virtual address.
# This output file may be truncated or incomplete.
#
#  Out of Memory Error (allocation.cpp:389), pid=113080, tid=0x000000000001bab0
#
# JRE version: Java(TM) SE Runtime Environment (8.0_321-b07) (build 1.8.0_321-b07)
# Java VM: Java HotSpot(TM) 64-Bit Server VM (25.321-b07 mixed mode windows-amd64 compressed oops)
# Failed to write core dump. Minidumps are not enabled by default on client versions of Windows
#

---------------  T H R E A D  ---------------

Current thread (0x0000026e39906000):  JavaThread "C2 CompilerThread1" daemon [_thread_in_native, id=113328, stack(0x0000007eb6a00000,0x0000007eb6b00000)]

Stack: [0x0000007eb6a00000,0x0000007eb6b00000]
Native frames: (J=compiled Java code, j=interpreted, Vv=VM code, C=native code)
V  [jvm.dll+0x32fc49]
V  [jvm.dll+0x2761a2]
V  [jvm.dll+0x276e4d]
V  [jvm.dll+0x26d7f5]
V  [jvm.dll+0xd5a0c]
V  [jvm.dll+0xd620c]
V  [jvm.dll+0x4541c2]
V  [jvm.dll+0x48f27d]
V  [jvm.dll+0x443608]
V  [jvm.dll+0x440ffb]
V  [jvm.dll+0x42becb]
V  [jvm.dll+0xac68b]
V  [jvm.dll+0xaaceb]
V  [jvm.dll+0x23e6f2]
V  [jvm.dll+0x292edc]
C  [ucrtbase.dll+0x1e3fe]
C  [KERNEL32.DLL+0x14034]
C  [ntdll.dll+0x73691]


Current CompileTask:
C2:   6293 3164       4       org.springframework.core.ResolvableType::forType (115 bytes)


---------------  P R O C E S S  ---------------

Java Threads: ( => current thread )
  0x0000026e3b5d8000 JavaThread "Service Thread" daemon [_thread_blocked, id=114672, stack(0x0000007eb6d00000,0x0000007eb6e00000)]
  0x0000026e3b536000 JavaThread "C1 CompilerThread3" daemon [_thread_in_native, id=113144, stack(0x0000007eb6c00000,0x0000007eb6d00000)]
  0x0000026e3990e000 JavaThread "C2 CompilerThread2" daemon [_thread_in_native, id=87108, stack(0x0000007eb6b00000,0x0000007eb6c00000)]
=>0x0000026e39906000 JavaThread "C2 CompilerThread1" daemon [_thread_in_native, id=113328, stack(0x0000007eb6a00000,0x0000007eb6b00000)]
  0x0000026e398fe800 JavaThread "C2 CompilerThread0" daemon [_thread_in_native, id=114432, stack(0x0000007eb6900000,0x0000007eb6a00000)]
  0x0000026e398fb000 JavaThread "Monitor Ctrl-Break" daemon [_thread_in_native, id=114492, stack(0x0000007eb6800000,0x0000007eb6900000)]
  0x0000026e3b523000 JavaThread "Attach Listener" daemon [_thread_blocked, id=114632, stack(0x0000007eb6700000,0x0000007eb6800000)]
  0x0000026e3b522800 JavaThread "Signal Dispatcher" daemon [_thread_blocked, id=114488, stack(0x0000007eb6600000,0x0000007eb6700000)]
  0x0000026e1e7b0800 JavaThread "Finalizer" daemon [_thread_blocked, id=113276, stack(0x0000007eb6500000,0x0000007eb6600000)]
  0x0000026e398a9000 JavaThread "Reference Handler" daemon [_thread_blocked, id=113980, stack(0x0000007eb6400000,0x0000007eb6500000)]
  0x0000026e1e712000 JavaThread "main" [_thread_in_vm, id=114456, stack(0x0000007eb5a00000,0x0000007eb5b00000)]

Other Threads:
  0x0000026e1e7a3800 VMThread [stack: 0x0000007eb6300000,0x0000007eb6400000] [id=104352]
  0x0000026e3b610000 WatcherThread [stack: 0x0000007eb6e00000,0x0000007eb6f00000] [id=114588]

VM state:not at safepoint (normal execution)

VM Mutex/Monitor currently owned by a thread: None

heap address: 0x00000006c1c00000, size: 4068 MB, Compressed Oops mode: Zero based, Oop shift amount: 3
Narrow klass base: 0x0000000000000000, Narrow klass shift: 3
Compressed class space size: 1073741824 Address: 0x00000007c0000000

Heap:
 PSYoungGen      total 138752K, used 19933K [0x000000076b400000, 0x000000077b180000, 0x00000007c0000000)
  eden space 128000K, 7% used [0x000000076b400000,0x000000076bcfab30,0x0000000773100000)
  from space 10752K, 99% used [0x0000000773100000,0x0000000773b7cc58,0x0000000773b80000)
  to   space 13312K, 0% used [0x000000077a480000,0x000000077a480000,0x000000077b180000)
 ParOldGen       total 76800K, used 5869K [0x00000006c1c00000, 0x00000006c6700000, 0x000000076b400000)
  object space 76800K, 7% used [0x00000006c1c00000,0x00000006c21bb678,0x00000006c6700000)
 Metaspace       used 30082K, capacity 32308K, committed 32384K, reserved 1077248K
  class space    used 3972K, capacity 4412K, committed 4480K, reserved 1048576K

Card table byte_map: [0x0000026e2f8c0000,0x0000026e300c0000] byte_map_base: 0x0000026e2c2b2000

Marking Bits: (ParMarkBitMap*) 0x0000000077f79030
 Begin Bits: [0x0000026e30610000, 0x0000026e345a0000)
 End Bits:   [0x0000026e345a0000, 0x0000026e38530000)

Polling page: 0x0000026e1e860000

CodeCache: size=245760Kb used=11554Kb max_used=11554Kb free=234205Kb
 bounds [0x0000026e20500000, 0x0000026e21050000, 0x0000026e2f500000]
 total_blobs=3599 nmethods=3211 adapters=300
 compilation: enabled

Compilation events (10 events):
Event: 5.943 Thread 0x0000026e3b536000 3212       3       org.springframework.boot.context.properties.source.ConfigurationPropertyName::buildToString (138 bytes)
Event: 5.943 Thread 0x0000026e398fe800 3214       4       org.springframework.boot.context.properties.source.SpringConfigurationPropertySources$SourcesIterator::hasNext (13 bytes)
Event: 5.945 Thread 0x0000026e3b536000 nmethod 3212 0x0000026e2104c090 code [0x0000026e2104c400, 0x0000026e2104e330]
Event: 5.945 Thread 0x0000026e3b536000 3213       3       org.springframework.boot.context.properties.bind.Binder::findProperty (75 bytes)
Event: 5.945 Thread 0x0000026e3b536000 nmethod 3213 0x0000026e2103d950 code [0x0000026e2103db60, 0x0000026e2103e6b0]
Event: 5.945 Thread 0x0000026e3b536000 3209       3       org.springframework.boot.context.properties.source.ConfigurationPropertyName::append (30 bytes)
Event: 5.946 Thread 0x0000026e3b536000 nmethod 3209 0x0000026e21044150 code [0x0000026e21044300, 0x0000026e210449e0]
Event: 5.946 Thread 0x0000026e3b536000 3210       3       org.springframework.boot.context.properties.source.ConfigurationPropertyName::probablySingleElementOf (7 bytes)
Event: 5.946 Thread 0x0000026e3b536000 nmethod 3210 0x0000026e21043010 code [0x0000026e21043180, 0x0000026e21043310]
Event: 6.109 Thread 0x0000026e3b536000 3215       3       org.springframework.boot.context.properties.ConfigurationPropertiesBinder$ConfigurationPropertiesBindHandler::onStart (33 bytes)

GC Heap History (10 events):
Event: 3.682 GC heap before
{Heap before GC invocations=2 (full 0):
 PSYoungGen      total 76288K, used 72514K [0x000000076b400000, 0x0000000770900000, 0x00000007c0000000)
  eden space 65536K, 100% used [0x000000076b400000,0x000000076f400000,0x000000076f400000)
  from space 10752K, 64% used [0x000000076f400000,0x000000076fad09f0,0x000000076fe80000)
  to   space 10752K, 0% used [0x000000076fe80000,0x000000076fe80000,0x0000000770900000)
 ParOldGen       total 175104K, used 16K [0x00000006c1c00000, 0x00000006cc700000, 0x000000076b400000)
  object space 175104K, 0% used [0x00000006c1c00000,0x00000006c1c04000,0x00000006cc700000)
 Metaspace       used 19352K, capacity 20934K, committed 21120K, reserved 1067008K
  class space    used 2522K, capacity 2823K, committed 2944K, reserved 1048576K
Event: 3.689 GC heap after
Heap after GC invocations=2 (full 0):
 PSYoungGen      total 76288K, used 10660K [0x000000076b400000, 0x0000000770900000, 0x00000007c0000000)
  eden space 65536K, 0% used [0x000000076b400000,0x000000076b400000,0x000000076f400000)
  from space 10752K, 99% used [0x000000076fe80000,0x00000007708e9288,0x0000000770900000)
  to   space 10752K, 0% used [0x000000076f400000,0x000000076f400000,0x000000076fe80000)
 ParOldGen       total 175104K, used 24K [0x00000006c1c00000, 0x00000006cc700000, 0x000000076b400000)
  object space 175104K, 0% used [0x00000006c1c00000,0x00000006c1c06000,0x00000006cc700000)
 Metaspace       used 19352K, capacity 20934K, committed 21120K, reserved 1067008K
  class space    used 2522K, capacity 2823K, committed 2944K, reserved 1048576K
}
Event: 3.704 GC heap before
{Heap before GC invocations=3 (full 0):
 PSYoungGen      total 76288K, used 12859K [0x000000076b400000, 0x0000000770900000, 0x00000007c0000000)
  eden space 65536K, 3% used [0x000000076b400000,0x000000076b625b40,0x000000076f400000)
  from space 10752K, 99% used [0x000000076fe80000,0x00000007708e9288,0x0000000770900000)
  to   space 10752K, 0% used [0x000000076f400000,0x000000076f400000,0x000000076fe80000)
 ParOldGen       total 175104K, used 24K [0x00000006c1c00000, 0x00000006cc700000, 0x000000076b400000)
  object space 175104K, 0% used [0x00000006c1c00000,0x00000006c1c06000,0x00000006cc700000)
 Metaspace       used 19557K, capacity 21158K, committed 21296K, reserved 1067008K
  class space    used 2547K, capacity 2855K, committed 2944K, reserved 1048576K
Event: 3.709 GC heap after
Heap after GC invocations=3 (full 0):
 PSYoungGen      total 76288K, used 5356K [0x000000076b400000, 0x0000000774900000, 0x00000007c0000000)
  eden space 65536K, 0% used [0x000000076b400000,0x000000076b400000,0x000000076f400000)
  from space 10752K, 49% used [0x000000076f400000,0x000000076f93b0e0,0x000000076fe80000)
  to   space 10752K, 0% used [0x0000000773e80000,0x0000000773e80000,0x0000000774900000)
 ParOldGen       total 175104K, used 32K [0x00000006c1c00000, 0x00000006cc700000, 0x000000076b400000)
  object space 175104K, 0% used [0x00000006c1c00000,0x00000006c1c08000,0x00000006cc700000)
 Metaspace       used 19557K, capacity 21158K, committed 21296K, reserved 1067008K
  class space    used 2547K, capacity 2855K, committed 2944K, reserved 1048576K
}
Event: 3.709 GC heap before
{Heap before GC invocations=4 (full 1):
 PSYoungGen      total 76288K, used 5356K [0x000000076b400000, 0x0000000774900000, 0x00000007c0000000)
  eden space 65536K, 0% used [0x000000076b400000,0x000000076b400000,0x000000076f400000)
  from space 10752K, 49% used [0x000000076f400000,0x000000076f93b0e0,0x000000076fe80000)
  to   space 10752K, 0% used [0x0000000773e80000,0x0000000773e80000,0x0000000774900000)
 ParOldGen       total 175104K, used 32K [0x00000006c1c00000, 0x00000006cc700000, 0x000000076b400000)
  object space 175104K, 0% used [0x00000006c1c00000,0x00000006c1c08000,0x00000006cc700000)
 Metaspace       used 19557K, capacity 21158K, committed 21296K, reserved 1067008K
  class space    used 2547K, capacity 2855K, committed 2944K, reserved 1048576K
Event: 3.732 GC heap after
Heap after GC invocations=4 (full 1):
 PSYoungGen      total 76288K, used 0K [0x000000076b400000, 0x0000000774900000, 0x00000007c0000000)
  eden space 65536K, 0% used [0x000000076b400000,0x000000076b400000,0x000000076f400000)
  from space 10752K, 0% used [0x000000076f400000,0x000000076f400000,0x000000076fe80000)
  to   space 10752K, 0% used [0x0000000773e80000,0x0000000773e80000,0x0000000774900000)
 ParOldGen       total 76800K, used 5183K [0x00000006c1c00000, 0x00000006c6700000, 0x000000076b400000)
  object space 76800K, 6% used [0x00000006c1c00000,0x00000006c210fd78,0x00000006c6700000)
 Metaspace       used 19557K, capacity 21158K, committed 21296K, reserved 1067008K
  class space    used 2547K, capacity 2855K, committed 2944K, reserved 1048576K
}
Event: 4.383 GC heap before
{Heap before GC invocations=5 (full 1):
 PSYoungGen      total 76288K, used 65536K [0x000000076b400000, 0x0000000774900000, 0x00000007c0000000)
  eden space 65536K, 100% used [0x000000076b400000,0x000000076f400000,0x000000076f400000)
  from space 10752K, 0% used [0x000000076f400000,0x000000076f400000,0x000000076fe80000)
  to   space 10752K, 0% used [0x0000000773e80000,0x0000000773e80000,0x0000000774900000)
 ParOldGen       total 76800K, used 5183K [0x00000006c1c00000, 0x00000006c6700000, 0x000000076b400000)
  object space 76800K, 6% used [0x00000006c1c00000,0x00000006c210fd78,0x00000006c6700000)
 Metaspace       used 24084K, capacity 25838K, committed 26112K, reserved 1071104K
  class space    used 3151K, capacity 3495K, committed 3584K, reserved 1048576K
Event: 4.389 GC heap after
Heap after GC invocations=5 (full 1):
 PSYoungGen      total 132096K, used 7298K [0x000000076b400000, 0x0000000774600000, 0x00000007c0000000)
  eden space 124416K, 0% used [0x000000076b400000,0x000000076b400000,0x0000000772d80000)
  from space 7680K, 95% used [0x0000000773e80000,0x00000007745a08a8,0x0000000774600000)
  to   space 10752K, 0% used [0x0000000773100000,0x0000000773100000,0x0000000773b80000)
 ParOldGen       total 76800K, used 5191K [0x00000006c1c00000, 0x00000006c6700000, 0x000000076b400000)
  object space 76800K, 6% used [0x00000006c1c00000,0x00000006c2111d78,0x00000006c6700000)
 Metaspace       used 24084K, capacity 25838K, committed 26112K, reserved 1071104K
  class space    used 3151K, capacity 3495K, committed 3584K, reserved 1048576K
}
Event: 5.902 GC heap before
{Heap before GC invocations=6 (full 1):
 PSYoungGen      total 132096K, used 131714K [0x000000076b400000, 0x0000000774600000, 0x00000007c0000000)
  eden space 124416K, 100% used [0x000000076b400000,0x0000000772d80000,0x0000000772d80000)
  from space 7680K, 95% used [0x0000000773e80000,0x00000007745a08a8,0x0000000774600000)
  to   space 10752K, 0% used [0x0000000773100000,0x0000000773100000,0x0000000773b80000)
 ParOldGen       total 76800K, used 5191K [0x00000006c1c00000, 0x00000006c6700000, 0x000000076b400000)
  object space 76800K, 6% used [0x00000006c1c00000,0x00000006c2111d78,0x00000006c6700000)
 Metaspace       used 30040K, capacity 32308K, committed 32384K, reserved 1077248K
  class space    used 3971K, capacity 4412K, committed 4480K, reserved 1048576K
Event: 5.913 GC heap after
Heap after GC invocations=6 (full 1):
 PSYoungGen      total 138752K, used 10739K [0x000000076b400000, 0x000000077b180000, 0x00000007c0000000)
  eden space 128000K, 0% used [0x000000076b400000,0x000000076b400000,0x0000000773100000)
  from space 10752K, 99% used [0x0000000773100000,0x0000000773b7cc58,0x0000000773b80000)
  to   space 13312K, 0% used [0x000000077a480000,0x000000077a480000,0x000000077b180000)
 ParOldGen       total 76800K, used 5869K [0x00000006c1c00000, 0x00000006c6700000, 0x000000076b400000)
  object space 76800K, 7% used [0x00000006c1c00000,0x00000006c21bb678,0x00000006c6700000)
 Metaspace       used 30040K, capacity 32308K, committed 32384K, reserved 1077248K
  class space    used 3971K, capacity 4412K, committed 4480K, reserved 1048576K
}

Deoptimization events (10 events):
Event: 5.284 Thread 0x0000026e1e712000 Uncommon trap: reason=unstable_if action=reinterpret pc=0x0000026e20bfc804 method=org.springframework.util.ConcurrentReferenceHashMap$Segment.findInChain(Lorg/springframework/util/ConcurrentReferenceHashMap$Reference;Ljava/lang/Object;I)Lorg/springframewo
Event: 5.341 Thread 0x0000026e1e712000 Uncommon trap: reason=class_check action=maybe_recompile pc=0x0000026e209a2e1c method=java.util.concurrent.ConcurrentHashMap.putVal(Ljava/lang/Object;Ljava/lang/Object;Z)Ljava/lang/Object; @ 192
Event: 5.377 Thread 0x0000026e1e712000 Uncommon trap: reason=unstable_if action=reinterpret pc=0x0000026e20c8c63c method=org.springframework.boot.context.properties.source.ConfigurationPropertyName.getElement(ILorg/springframework/boot/context/properties/source/ConfigurationPropertyName$Form;)
Event: 5.411 Thread 0x0000026e1e712000 Uncommon trap: reason=class_check action=maybe_recompile pc=0x0000026e209a2e1c method=java.util.concurrent.ConcurrentHashMap.putVal(Ljava/lang/Object;Ljava/lang/Object;Z)Ljava/lang/Object; @ 192
Event: 5.411 Thread 0x0000026e1e712000 Uncommon trap: reason=unstable_if action=reinterpret pc=0x0000026e20ef862c method=java.util.concurrent.ConcurrentHashMap.get(Ljava/lang/Object;)Ljava/lang/Object; @ 152
Event: 5.411 Thread 0x0000026e1e712000 Uncommon trap: reason=class_check action=maybe_recompile pc=0x0000026e209a2e1c method=java.util.concurrent.ConcurrentHashMap.putVal(Ljava/lang/Object;Ljava/lang/Object;Z)Ljava/lang/Object; @ 192
Event: 5.474 Thread 0x0000026e1e712000 Uncommon trap: reason=class_check action=maybe_recompile pc=0x0000026e20eb3260 method=java.lang.reflect.Array.newInstance(Ljava/lang/Class;I)Ljava/lang/Object; @ 2
Event: 5.475 Thread 0x0000026e1e712000 Uncommon trap: reason=class_check action=maybe_recompile pc=0x0000026e20eb3260 method=java.lang.reflect.Array.newInstance(Ljava/lang/Class;I)Ljava/lang/Object; @ 2
Event: 5.475 Thread 0x0000026e1e712000 Uncommon trap: reason=class_check action=maybe_recompile pc=0x0000026e20eb3260 method=java.lang.reflect.Array.newInstance(Ljava/lang/Class;I)Ljava/lang/Object; @ 2
Event: 5.475 Thread 0x0000026e1e712000 Uncommon trap: reason=class_check action=maybe_recompile pc=0x0000026e20eb3260 method=java.lang.reflect.Array.newInstance(Ljava/lang/Class;I)Ljava/lang/Object; @ 2

Classes redefined (0 events):
No events

Internal exceptions (10 events):
Event: 5.892 Thread 0x0000026e1e712000 Exception <a 'java/lang/ClassNotFoundException': javax/naming/ReferenceableCustomizer> (0x0000000772c60af8) thrown at [C:\jenkins\workspace\8-2-build-windows-amd64-cygwin\jdk8u321\2141\hotspot\src\share\vm\classfile\systemDictionary.cpp, line 212]
Event: 5.893 Thread 0x0000026e1e712000 Exception <a 'java/lang/ClassNotFoundException': javax/sql/ConnectionPoolDataSourceCustomizer> (0x0000000772c6f5e8) thrown at [C:\jenkins\workspace\8-2-build-windows-amd64-cygwin\jdk8u321\2141\hotspot\src\share\vm\classfile\systemDictionary.cpp, line 212]
Event: 5.893 Thread 0x0000026e1e712000 Exception <a 'java/lang/ClassNotFoundException': javax/sql/CommonDataSourceCustomizer> (0x0000000772c7d6f0) thrown at [C:\jenkins\workspace\8-2-build-windows-amd64-cygwin\jdk8u321\2141\hotspot\src\share\vm\classfile\systemDictionary.cpp, line 212]
Event: 5.894 Thread 0x0000026e1e712000 Exception <a 'java/lang/ClassNotFoundException': javax/management/MBeanRegistrationCustomizer> (0x0000000772c90d68) thrown at [C:\jenkins\workspace\8-2-build-windows-amd64-cygwin\jdk8u321\2141\hotspot\src\share\vm\classfile\systemDictionary.cpp, line 212]
Event: 5.895 Thread 0x0000026e1e712000 Exception <a 'java/lang/ClassNotFoundException': com/alibaba/druid/pool/DruidAbstractDataSourceMBeanCustomizer> (0x0000000772cb3c68) thrown at [C:\jenkins\workspace\8-2-build-windows-amd64-cygwin\jdk8u321\2141\hotspot\src\share\vm\classfile\systemDictiona
Event: 5.897 Thread 0x0000026e1e712000 Exception <a 'java/lang/ClassNotFoundException': javax/sql/DataSourceCustomizer> (0x0000000772d07f20) thrown at [C:\jenkins\workspace\8-2-build-windows-amd64-cygwin\jdk8u321\2141\hotspot\src\share\vm\classfile\systemDictionary.cpp, line 212]
Event: 5.897 Thread 0x0000026e1e712000 Exception <a 'java/lang/ClassNotFoundException': javax/sql/CommonDataSourceCustomizer> (0x0000000772d15a70) thrown at [C:\jenkins\workspace\8-2-build-windows-amd64-cygwin\jdk8u321\2141\hotspot\src\share\vm\classfile\systemDictionary.cpp, line 212]
Event: 5.898 Thread 0x0000026e1e712000 Exception <a 'java/lang/ClassNotFoundException': java/sql/WrapperCustomizer> (0x0000000772d25b40) thrown at [C:\jenkins\workspace\8-2-build-windows-amd64-cygwin\jdk8u321\2141\hotspot\src\share\vm\classfile\systemDictionary.cpp, line 212]
Event: 5.899 Thread 0x0000026e1e712000 Exception <a 'java/lang/ClassNotFoundException': com/alibaba/druid/proxy/jdbc/DataSourceProxyCustomizer> (0x0000000772d43eb0) thrown at [C:\jenkins\workspace\8-2-build-windows-amd64-cygwin\jdk8u321\2141\hotspot\src\share\vm\classfile\systemDictionary.cpp,
Event: 5.900 Thread 0x0000026e1e712000 Exception <a 'java/lang/ClassNotFoundException': java/sql/WrapperCustomizer> (0x0000000772d58750) thrown at [C:\jenkins\workspace\8-2-build-windows-amd64-cygwin\jdk8u321\2141\hotspot\src\share\vm\classfile\systemDictionary.cpp, line 212]

Events (10 events):
Event: 5.915 Executing VM operation: RevokeBias
Event: 5.915 Executing VM operation: RevokeBias done
Event: 5.915 Executing VM operation: RevokeBias
Event: 5.916 Executing VM operation: RevokeBias done
Event: 5.916 Executing VM operation: RevokeBias
Event: 5.916 Executing VM operation: RevokeBias done
Event: 5.929 loading class com/alibaba/druid/support/monitor/annotation/MTable
Event: 5.929 loading class com/alibaba/druid/support/monitor/annotation/MTable done
Event: 5.944 loading class com/alibaba/druid/util/StringUtils
Event: 5.944 loading class com/alibaba/druid/util/StringUtils done


Dynamic libraries:
0x00007ff6509d0000 - 0x00007ff650a17000 	F:\idea\IntelliJ IDEA 2019.3.3\jbr\JDK8\bin\java.exe
0x00007ffc235f0000 - 0x00007ffc237d1000 	C:\WINDOWS\SYSTEM32\ntdll.dll
0x00007ffc22d50000 - 0x00007ffc22e01000 	C:\WINDOWS\System32\KERNEL32.DLL
0x00007ffc1fac0000 - 0x00007ffc1fd33000 	C:\WINDOWS\System32\KERNELBASE.dll
0x00007ffc1d260000 - 0x00007ffc1d2eb000 	C:\WINDOWS\SYSTEM32\apphelp.dll
0x00007ffc22190000 - 0x00007ffc22231000 	C:\WINDOWS\System32\ADVAPI32.dll
0x00007ffc22380000 - 0x00007ffc2241e000 	C:\WINDOWS\System32\msvcrt.dll
0x00007ffc23270000 - 0x00007ffc232cb000 	C:\WINDOWS\System32\sechost.dll
0x00007ffc22240000 - 0x00007ffc22364000 	C:\WINDOWS\System32\RPCRT4.dll
0x00007ffc20b10000 - 0x00007ffc20ca0000 	C:\WINDOWS\System32\USER32.dll
0x00007ffc20060000 - 0x00007ffc20080000 	C:\WINDOWS\System32\win32u.dll
0x00007ffc22420000 - 0x00007ffc22448000 	C:\WINDOWS\System32\GDI32.dll
0x00007ffc1fd40000 - 0x00007ffc1fed2000 	C:\WINDOWS\System32\gdi32full.dll
0x00007ffc1ff60000 - 0x00007ffc1ffff000 	C:\WINDOWS\System32\msvcp_win.dll
0x00007ffc1f9c0000 - 0x00007ffc1fab8000 	C:\WINDOWS\System32\ucrtbase.dll
0x00007ffc0ede0000 - 0x00007ffc0f049000 	C:\WINDOWS\WinSxS\amd64_microsoft.windows.common-controls_6595b64144ccf1df_6.0.17134.706_none_fb43a2cb30647007\COMCTL32.dll
0x00007ffc22e10000 - 0x00007ffc23132000 	C:\WINDOWS\System32\combase.dll
0x00007ffc1fee0000 - 0x00007ffc1ff5a000 	C:\WINDOWS\System32\bcryptPrimitives.dll
0x00007ffc226c0000 - 0x00007ffc226ed000 	C:\WINDOWS\System32\IMM32.DLL
0x0000000053530000 - 0x000000005353c000 	C:\Program Files (x86)\360\360Safe11951078\360Safe\safemon\SafeWrapper.dll
0x00007ffc11290000 - 0x00007ffc11322000 	C:\Program Files (x86)\360\360Safe11951078\360Safe\safemon\libzdtp64.dll
0x00007ffc20ca0000 - 0x00007ffc220e0000 	C:\WINDOWS\System32\SHELL32.dll
0x00007ffc20080000 - 0x00007ffc200c9000 	C:\WINDOWS\System32\cfgmgr32.dll
0x00007ffc220e0000 - 0x00007ffc22189000 	C:\WINDOWS\System32\shcore.dll
0x00007ffc200d0000 - 0x00007ffc207dd000 	C:\WINDOWS\System32\windows.storage.dll
0x00007ffc23370000 - 0x00007ffc233c1000 	C:\WINDOWS\System32\shlwapi.dll
0x00007ffc1f920000 - 0x00007ffc1f931000 	C:\WINDOWS\System32\kernel.appcore.dll
0x00007ffc1f940000 - 0x00007ffc1f95f000 	C:\WINDOWS\System32\profapi.dll
0x00007ffc1f970000 - 0x00007ffc1f9bc000 	C:\WINDOWS\System32\powrprof.dll
0x00007ffc1f960000 - 0x00007ffc1f96a000 	C:\WINDOWS\System32\FLTLIB.DLL
0x00007ffc1f520000 - 0x00007ffc1f52a000 	C:\WINDOWS\SYSTEM32\VERSION.dll
0x00007ffc1be30000 - 0x00007ffc1be45000 	F:\idea\IntelliJ IDEA 2019.3.3\jbr\JDK8\jre\bin\vcruntime140.dll
0x00007ffc04bb0000 - 0x00007ffc04c4b000 	F:\idea\IntelliJ IDEA 2019.3.3\jbr\JDK8\jre\bin\msvcp140.dll
0x0000000077790000 - 0x0000000077ff1000 	F:\idea\IntelliJ IDEA 2019.3.3\jbr\JDK8\jre\bin\server\jvm.dll
0x00007ffc20b00000 - 0x00007ffc20b08000 	C:\WINDOWS\System32\PSAPI.DLL
0x00007ffc1bd10000 - 0x00007ffc1bd33000 	C:\WINDOWS\SYSTEM32\WINMM.dll
0x00007ffc0fe60000 - 0x00007ffc0fe69000 	C:\WINDOWS\SYSTEM32\WSOCK32.dll
0x00007ffc226f0000 - 0x00007ffc2275c000 	C:\WINDOWS\System32\WS2_32.dll
0x00007ffc1bce0000 - 0x00007ffc1bd0a000 	C:\WINDOWS\SYSTEM32\WINMMBASE.dll
0x00007ffc1b230000 - 0x00007ffc1b240000 	F:\idea\IntelliJ IDEA 2019.3.3\jbr\JDK8\jre\bin\verify.dll
0x00007ffc12d10000 - 0x00007ffc12d3b000 	F:\idea\IntelliJ IDEA 2019.3.3\jbr\JDK8\jre\bin\java.dll
0x00007ffc10b80000 - 0x00007ffc10bb0000 	F:\idea\IntelliJ IDEA 2019.3.3\jbr\JDK8\jre\bin\instrument.dll
0x00007ffc1b210000 - 0x00007ffc1b228000 	F:\idea\IntelliJ IDEA 2019.3.3\jbr\JDK8\jre\bin\zip.dll
0x00007ffc10b60000 - 0x00007ffc10b7a000 	F:\idea\IntelliJ IDEA 2019.3.3\bin\breakgen64.dll
0x00007ffc12cf0000 - 0x00007ffc12d0c000 	F:\idea\IntelliJ IDEA 2019.3.3\jbr\JDK8\jre\bin\net.dll
0x00007ffc1f120000 - 0x00007ffc1f186000 	C:\WINDOWS\system32\mswsock.dll
0x00007ffc10bb0000 - 0x00007ffc10bc3000 	F:\idea\IntelliJ IDEA 2019.3.3\jbr\JDK8\jre\bin\nio.dll
0x00007ffc181d0000 - 0x00007ffc181dd000 	F:\idea\IntelliJ IDEA 2019.3.3\jbr\JDK8\jre\bin\management.dll
0x00007ffc0bdf0000 - 0x00007ffc0be06000 	C:\WINDOWS\system32\napinsp.dll
0x00007ffc0bdc0000 - 0x00007ffc0bdda000 	C:\WINDOWS\system32\pnrpnsp.dll
0x00007ffc14100000 - 0x00007ffc14119000 	C:\WINDOWS\system32\NLAapi.dll
0x00007ffc1eee0000 - 0x00007ffc1ef9e000 	C:\WINDOWS\SYSTEM32\DNSAPI.dll
0x00007ffc23530000 - 0x00007ffc23538000 	C:\WINDOWS\System32\NSI.dll
0x00007ffc1eea0000 - 0x00007ffc1eed8000 	C:\WINDOWS\SYSTEM32\IPHLPAPI.DLL
0x00007ffc0b9c0000 - 0x00007ffc0b9ce000 	C:\WINDOWS\System32\winrnr.dll
0x00007ffc0b8b0000 - 0x00007ffc0b8c5000 	C:\WINDOWS\System32\wshbth.dll
0x00007ffc11f00000 - 0x00007ffc11f0a000 	C:\Windows\System32\rasadhlp.dll
0x00007ffc126e0000 - 0x00007ffc12752000 	C:\WINDOWS\System32\fwpuclnt.dll
0x00007ffc1f400000 - 0x00007ffc1f425000 	C:\WINDOWS\SYSTEM32\bcrypt.dll
0x00007ffc1e2f0000 - 0x00007ffc1e4b9000 	C:\WINDOWS\SYSTEM32\dbghelp.dll

VM Arguments:
jvm_args: -ea -Didea.test.cyclic.buffer.size=1048576 -javaagent:F:\idea\IntelliJ IDEA 2019.3.3\lib\idea_rt.jar=51903:F:\idea\IntelliJ IDEA 2019.3.3\bin -Dfile.encoding=UTF-8 
java_command: com.intellij.rt.junit.JUnitStarter -ideVersion5 -junit5 com.sharing.CampusresourcesharingApplicationTests,contextLoads
java_class_path (initial): F:\idea\IntelliJ IDEA 2019.3.3\lib\idea_rt.jar;F:\idea\IntelliJ IDEA 2019.3.3\plugins\junit\lib\junit5-rt.jar;F:\idea\IntelliJ IDEA 2019.3.3\plugins\junit\lib\junit-rt.jar;F:\idea\IntelliJ IDEA 2019.3.3\jbr\JDK8\jre\lib\charsets.jar;F:\idea\IntelliJ IDEA 2019.3.3\jbr\JDK8\jre\lib\deploy.jar;F:\idea\IntelliJ IDEA 2019.3.3\jbr\JDK8\jre\lib\ext\access-bridge-64.jar;F:\idea\IntelliJ IDEA 2019.3.3\jbr\JDK8\jre\lib\ext\cldrdata.jar;F:\idea\IntelliJ IDEA 2019.3.3\jbr\JDK8\jre\lib\ext\dnsns.jar;F:\idea\IntelliJ IDEA 2019.3.3\jbr\JDK8\jre\lib\ext\jaccess.jar;F:\idea\IntelliJ IDEA 2019.3.3\jbr\JDK8\jre\lib\ext\jfxrt.jar;F:\idea\IntelliJ IDEA 2019.3.3\jbr\JDK8\jre\lib\ext\localedata.jar;F:\idea\IntelliJ IDEA 2019.3.3\jbr\JDK8\jre\lib\ext\nashorn.jar;F:\idea\IntelliJ IDEA 2019.3.3\jbr\JDK8\jre\lib\ext\sunec.jar;F:\idea\IntelliJ IDEA 2019.3.3\jbr\JDK8\jre\lib\ext\sunjce_provider.jar;F:\idea\IntelliJ IDEA 2019.3.3\jbr\JDK8\jre\lib\ext\sunmscapi.jar;F:\idea\IntelliJ IDEA 2019.3.3\jbr\JDK8\jre\lib\ext\sunpkcs11.jar;F:\idea\IntelliJ IDEA 2019.3.3\jbr\JDK8\jre\lib\ext\zipfs.jar;F:\idea\IntelliJ IDEA 2019.3.3\jbr\JDK8\jre\lib\javaws.jar;F:\idea\IntelliJ IDEA 2019.3.3\jbr\JDK8\jre\lib\jce.jar;F:\idea\IntelliJ IDEA 2019.3.3\jbr\JDK8\jre\lib\jfr.jar;F:\idea\IntelliJ IDEA 2019.3.3\jbr\JDK8\jre\lib\jfxswt.jar;F:\idea\IntelliJ IDEA 2019.3.3\jbr\JDK8\jre\lib\jsse.jar;F:\idea\IntelliJ IDEA 2019.3.3\jbr\JDK8\jre\lib\management-agent.jar;F:\idea\IntelliJ IDEA 2019.3.3\jbr\JDK8\jre\lib\plugin.jar;F:\idea\IntelliJ IDEA 2019.3.3\jbr\JDK8\jre\lib\resources.jar;F:\idea\IntelliJ IDEA 2019.3.3\jbr\JDK8\jre\lib\rt.jar;F:\CampusResourceSharing\Model\campusresourcemanager\target\test-classes;F:\CampusResourceSharing\Model\campusresourcemanager\target\classes;F:\maven\repository\cn\hutool\hutool-all\5.7.22\hutool-all-5.7.22.jar;F:\maven\repository\org\springframework\boot\spring-boot-starter-mail\2.6.3\spring-boot-starter-mail-2.6.3.jar;F:\maven\repository\org\springframework\
Launcher Type: SUN_STANDARD

Environment Variables:
JAVA_HOME=F:\Java;
CLASSPATH=F:\mysql-connector-java-5.1.44-bin.jar;F:\javay;
PATH=E:\Program Files\bin\;F:\Java\bin;C:\ProgramData\Oracle\Java\javapath;C:\Program Files (x86)\Intel\iCLS Client\;C:\Program Files\Intel\iCLS Client\;C:\Windows\system32;C:\Windows;C:\Windows\System32\Wbem;C:\Windows\System32\WindowsPowerShell\v1.0\;C:\Program Files (x86)\NVIDIA Corporation\PhysX\Common;C:\Program Files (x86)\Intel\Intel(R) Management Engine Components\DAL;C:\Program Files\Intel\Intel(R) Management Engine Components\DAL;C:\Program Files (x86)\Intel\Intel(R) Management Engine Components\IPT;C:\Program Files\Intel\Intel(R) Management Engine Components\IPT;C:\WINDOWS\system32;C:\WINDOWS;C:\WINDOWS\System32\Wbem;C:\WINDOWS\System32\WindowsPowerShell\v1.0\;C:\WINDOWS\System32\OpenSSH\;C:\Program Files\Microsoft SQL Server\110\Tools\Binn\;C:\Program Files (x86)\Microsoft SQL Server\100\Tools\Binn\;C:\Program Files\Microsoft SQL Server\100\Tools\Binn\;C:\Program Files\Microsoft SQL Server\100\DTS\Binn\;C:\Program Files (x86)\Microsoft SQL Server\100\Tools\Binn\VSShell\Common7\IDE\;C:\Program Files (x86)\Microsoft Visual Studio 9.0\Common7\IDE\PrivateAssemblies\;C:\Program Files (x86)\Microsoft SQL Server\100\DTS\Binn\;F:\develop\apache-maven-3.6.1\bin;C:\Program Files\Microsoft Network Monitor 3\;C:\Users\ASUS\AppData\Roaming\npm;D:\Program Files (x86)\nodejs\;D:\Program Files (x86)\nodejs\node_global;F:\Program Files (x86)\Python3.7.2\Scripts\;F:\Program Files (x86)\Python3.7.2\;C:\Program Files\MySQL\MySQL Server 5.7\bin;F:\idea\IntelliJ IDEA 2019.3.3\bin;F:\Program Files (x86)\PyCharm Community Edition 2020.3.3\bin;D:\Program Files (x86)\Microsoft VS Code\bin
USERNAME=Àî¸£Éú
OS=Windows_NT
PROCESSOR_IDENTIFIER=Intel64 Family 6 Model 142 Stepping 10, GenuineIntel



---------------  S Y S T E M  ---------------

OS: Windows 10 , 64 bit Build 17134 (10.0.17134.706)

CPU:total 8 (initial active 8) (4 cores per cpu, 2 threads per core) family 6 model 142 stepping 10, cmov, cx8, fxsr, mmx, sse, sse2, sse3, ssse3, sse4.1, sse4.2, popcnt, avx, avx2, aes, clmul, erms, 3dnowpref, lzcnt, ht, tsc, tscinvbit, bmi1, bmi2, adx

Memory: 4k page, physical 16657448k(4219856k free), swap 16657448k(4132k free)

vm_info: Java HotSpot(TM) 64-Bit Server VM (25.321-b07) for windows-amd64 JRE (1.8.0_321-b07), built on Dec 15 2021 11:19:20 by "java_re" with MS VC++ 15.9 (VS2017)

time: Sat Mar 12 09:39:40 2022
timezone: ?D1¨²¡À¨º¡Á?¨º¡À??
elapsed time: 6.297341 seconds (0d 0h 0m 6s)

